              _             
             (_)            
   __ _ _ __  _ _ __   __ _ 
  / _` | '_ \| | '_ \ / _` |
 | (_| | | | | | | | | (_| |
  \__, |_| |_|_|_| |_|\__,_|
   __/ |                    
  |___/                     

gnina  master:40faed4   Built Jul  5 2022.
gnina is based on smina and AutoDock Vina.
Please cite appropriately.

Commandline: /usr/local/bin/gnina -r /home/louis/Téléchargements/PROJETISDD/receptors/7djr.pdbqt -l /home/louis/Téléchargements/PROJETISDD/ligands/Chlorhexidine_minimized.pdbqt -o /home/louis/Téléchargements/PROJETISDD/results_GNINA/DOCKED/Chlorhexidine_minimized/7djr_Chlorhexidine_minimized_2023-3-23-22:52/out.pdbqt --center_x 11.356 --center_y 0 --center_z 8.729 --size_x 50 --size_y 76 --size_z 74 --log /home/louis/Téléchargements/PROJETISDD/results_GNINA/DOCKED/Chlorhexidine_minimized/7djr_Chlorhexidine_minimized_2023-3-23-22:52/out.log
Using random seed: -144545568

mode |  affinity  |    CNN     |   CNN
     | (kcal/mol) | pose score | affinity
-----+------------+------------+----------
    1       -6.02       0.5569      5.037
    2       -6.35       0.5430      5.666
    3       -4.56       0.4447      5.743
    4       -5.34       0.3994      5.730
    5       -5.89       0.3880      5.821
    6       -5.44       0.3220      5.249
    7       -4.76       0.3106      5.890
    8       -4.70       0.3046      5.665
    9       -7.71       0.3025      5.604
