              _             
             (_)            
   __ _ _ __  _ _ __   __ _ 
  / _` | '_ \| | '_ \ / _` |
 | (_| | | | | | | | | (_| |
  \__, |_| |_|_|_| |_|\__,_|
   __/ |                    
  |___/                     

gnina  master:40faed4   Built Jul  5 2022.
gnina is based on smina and AutoDock Vina.
Please cite appropriately.

Commandline: /usr/local/bin/gnina -r /home/louis/Téléchargements/PROJETISDD/receptors/7k3t.pdbqt -l /home/louis/Téléchargements/PROJETISDD/ligands/Montelukast_minimized.pdbqt -o /home/louis/Téléchargements/PROJETISDD/results_GNINA/DOCKED/Montelukast_minimized/7k3t_Montelukast_minimized_2023-3-23-22:52/out.pdbqt --center_x 11.356 --center_y 0 --center_z 8.729 --size_x 50 --size_y 76 --size_z 74 --log /home/louis/Téléchargements/PROJETISDD/results_GNINA/DOCKED/Montelukast_minimized/7k3t_Montelukast_minimized_2023-3-23-22:52/out.log
Using random seed: 2093000047

mode |  affinity  |    CNN     |   CNN
     | (kcal/mol) | pose score | affinity
-----+------------+------------+----------
    1       -6.47       0.2022      6.531
    2       -5.52       0.1944      6.096
    3       -7.06       0.1864      5.929
    4       -6.64       0.1728      5.955
    5       -7.50       0.1682      6.110
    6       -6.46       0.1615      6.024
    7       -6.63       0.1598      6.092
    8       -7.41       0.1513      5.983
    9       -6.81       0.1471      6.147
