              _             
             (_)            
   __ _ _ __  _ _ __   __ _ 
  / _` | '_ \| | '_ \ / _` |
 | (_| | | | | | | | | (_| |
  \__, |_| |_|_|_| |_|\__,_|
   __/ |                    
  |___/                     

gnina  master:40faed4   Built Jul  5 2022.
gnina is based on smina and AutoDock Vina.
Please cite appropriately.

Commandline: /usr/local/bin/gnina -r /home/louis/Téléchargements/PROJETISDD/receptors/7djr.pdbqt -l /home/louis/Téléchargements/PROJETISDD/ligands/Nicardipine_minimized.pdbqt -o /home/louis/Téléchargements/PROJETISDD/results_GNINA/DOCKED/Nicardipine_minimized/7djr_Nicardipine_minimized_2023-3-23-22:52/out.pdbqt --center_x 11.356 --center_y 0 --center_z 8.729 --size_x 50 --size_y 76 --size_z 74 --log /home/louis/Téléchargements/PROJETISDD/results_GNINA/DOCKED/Nicardipine_minimized/7djr_Nicardipine_minimized_2023-3-23-22:52/out.log
Using random seed: -962288325

mode |  affinity  |    CNN     |   CNN
     | (kcal/mol) | pose score | affinity
-----+------------+------------+----------
    1       -6.17       0.6887      5.469
    2       -4.85       0.5070      5.235
    3       -5.03       0.4460      4.613
    4       -5.47       0.3932      5.196
    5       -4.35       0.3699      4.978
    6       -4.43       0.3278      4.864
    7       -5.56       0.3197      4.651
    8       -4.38       0.3098      4.715
    9       -5.75       0.2758      4.983
