              _             
             (_)            
   __ _ _ __  _ _ __   __ _ 
  / _` | '_ \| | '_ \ / _` |
 | (_| | | | | | | | | (_| |
  \__, |_| |_|_|_| |_|\__,_|
   __/ |                    
  |___/                     

gnina  master:40faed4   Built Jul  5 2022.
gnina is based on smina and AutoDock Vina.
Please cite appropriately.

Commandline: /usr/local/bin/gnina -r /home/louis/Téléchargements/PROJETISDD/receptors/7djr.pdbqt -l /home/louis/Téléchargements/PROJETISDD/ligands/Posaconazole.pdbqt -o /home/louis/Téléchargements/PROJETISDD/results_GNINA/DOCKED/Posaconazole/7djr_Posaconazole_2023-3-23-22:52/out.pdbqt --center_x 11.356 --center_y 0 --center_z 8.729 --size_x 50 --size_y 76 --size_z 74 --log /home/louis/Téléchargements/PROJETISDD/results_GNINA/DOCKED/Posaconazole/7djr_Posaconazole_2023-3-23-22:52/out.log
Using random seed: 1430311734

mode |  affinity  |    CNN     |   CNN
     | (kcal/mol) | pose score | affinity
-----+------------+------------+----------
    1       -5.39       0.4109      5.403
    2       -6.27       0.4089      5.968
    3       -5.91       0.3669      5.164
    4       -5.61       0.3144      6.267
    5       -6.06       0.3010      5.701
    6       -5.91       0.2831      5.628
    7       -8.23       0.2747      6.355
    8       -6.87       0.2636      6.192
    9       -6.61       0.2513      5.827
