              _             
             (_)            
   __ _ _ __  _ _ __   __ _ 
  / _` | '_ \| | '_ \ / _` |
 | (_| | | | | | | | | (_| |
  \__, |_| |_|_|_| |_|\__,_|
   __/ |                    
  |___/                     

gnina  master:40faed4   Built Jul  5 2022.
gnina is based on smina and AutoDock Vina.
Please cite appropriately.

Commandline: /usr/local/bin/gnina -r /home/louis/Téléchargements/PROJETISDD/receptors/7djr.pdbqt -l /home/louis/Téléchargements/PROJETISDD/ligands/Diosmetin_minimized.pdbqt -o /home/louis/Téléchargements/PROJETISDD/results_GNINA/DOCKED/Diosmetin_minimized/7djr_Diosmetin_minimized_2023-3-23-22:52/out.pdbqt --center_x 11.356 --center_y 0 --center_z 8.729 --size_x 50 --size_y 76 --size_z 74 --log /home/louis/Téléchargements/PROJETISDD/results_GNINA/DOCKED/Diosmetin_minimized/7djr_Diosmetin_minimized_2023-3-23-22:52/out.log
Using random seed: 1518806404

mode |  affinity  |    CNN     |   CNN
     | (kcal/mol) | pose score | affinity
-----+------------+------------+----------
    1       -7.26       0.5276      4.580
    2       -7.19       0.4895      4.750
    3       -7.86       0.4051      5.154
    4       -7.68       0.3320      4.361
    5       -6.35       0.3280      4.211
    6       -6.72       0.3224      4.518
    7       -6.40       0.2952      4.449
    8       -7.79       0.2722      4.570
    9       -8.16       0.2260      4.571
