              _             
             (_)            
   __ _ _ __  _ _ __   __ _ 
  / _` | '_ \| | '_ \ / _` |
 | (_| | | | | | | | | (_| |
  \__, |_| |_|_|_| |_|\__,_|
   __/ |                    
  |___/                     

gnina  master:40faed4   Built Jul  5 2022.
gnina is based on smina and AutoDock Vina.
Please cite appropriately.

Commandline: /usr/local/bin/gnina -r /home/louis/Téléchargements/PROJETISDD/receptors/7k3t.pdbqt -l /home/louis/Téléchargements/PROJETISDD/ligands/Diosmetin_minimized.pdbqt -o /home/louis/Téléchargements/PROJETISDD/results_GNINA/DOCKED/Diosmetin_minimized/7k3t_Diosmetin_minimized_2023-3-23-22:52/out.pdbqt --center_x 11.356 --center_y 0 --center_z 8.729 --size_x 50 --size_y 76 --size_z 74 --log /home/louis/Téléchargements/PROJETISDD/results_GNINA/DOCKED/Diosmetin_minimized/7k3t_Diosmetin_minimized_2023-3-23-22:52/out.log
Using random seed: -338792604

mode |  affinity  |    CNN     |   CNN
     | (kcal/mol) | pose score | affinity
-----+------------+------------+----------
    1       -6.47       0.3292      4.508
    2       -7.12       0.3170      4.567
    3       -6.93       0.3010      4.156
    4       -6.77       0.2759      4.239
    5       -7.56       0.2503      4.197
    6       -6.98       0.2311      4.167
    7       -7.74       0.2301      4.734
    8       -7.33       0.2175      4.164
    9       -8.18       0.2104      4.513
