              _             
             (_)            
   __ _ _ __  _ _ __   __ _ 
  / _` | '_ \| | '_ \ / _` |
 | (_| | | | | | | | | (_| |
  \__, |_| |_|_|_| |_|\__,_|
   __/ |                    
  |___/                     

gnina  master:40faed4   Built Jul  5 2022.
gnina is based on smina and AutoDock Vina.
Please cite appropriately.

Commandline: /usr/local/bin/gnina -r /home/louis/Téléchargements/PROJETISDD/receptors/7djr.pdbqt -l /home/louis/Téléchargements/PROJETISDD/ligands/Paracetamol_minimized.pdbqt -o /home/louis/Téléchargements/PROJETISDD/results_GNINA/DOCKED/Paracetamol_minimized/7djr_Paracetamol_minimized_2023-3-23-22:52/out.pdbqt --center_x 11.356 --center_y 0 --center_z 8.729 --size_x 50 --size_y 76 --size_z 74 --log /home/louis/Téléchargements/PROJETISDD/results_GNINA/DOCKED/Paracetamol_minimized/7djr_Paracetamol_minimized_2023-3-23-22:52/out.log
Using random seed: -1908299830

mode |  affinity  |    CNN     |   CNN
     | (kcal/mol) | pose score | affinity
-----+------------+------------+----------
    1       -6.89       0.9427      4.012
    2       -4.86       0.8600      3.673
    3       -3.86       0.7869      3.108
    4       -4.15       0.7608      3.176
    5       -4.49       0.7337      3.527
    6       -4.01       0.7332      2.836
    7       -6.01       0.7178      3.449
    8       -3.55       0.6725      2.968
    9       -5.66       0.6687      3.311
