              _             
             (_)            
   __ _ _ __  _ _ __   __ _ 
  / _` | '_ \| | '_ \ / _` |
 | (_| | | | | | | | | (_| |
  \__, |_| |_|_|_| |_|\__,_|
   __/ |                    
  |___/                     

gnina  master:40faed4   Built Jul  5 2022.
gnina is based on smina and AutoDock Vina.
Please cite appropriately.

Commandline: /usr/local/bin/gnina -r /home/louis/Téléchargements/PROJETISDD/receptors/7p51.pdbqt -l /home/louis/Téléchargements/PROJETISDD/ligands/Diosmetin_minimized.pdbqt -o /home/louis/Téléchargements/PROJETISDD/results_GNINA/DOCKED/Diosmetin_minimized/7p51_Diosmetin_minimized_2023-3-23-22:52/out.pdbqt --center_x 11.356 --center_y 0 --center_z 8.729 --size_x 50 --size_y 76 --size_z 74 --log /home/louis/Téléchargements/PROJETISDD/results_GNINA/DOCKED/Diosmetin_minimized/7p51_Diosmetin_minimized_2023-3-23-22:52/out.log
Using random seed: 468690189

mode |  affinity  |    CNN     |   CNN
     | (kcal/mol) | pose score | affinity
-----+------------+------------+----------
    1       -6.92       0.6889      4.768
    2       -8.07       0.6789      5.124
    3       -7.50       0.4691      5.036
    4       -8.99       0.3541      5.196
    5       -6.52       0.3278      4.208
    6       -6.77       0.2758      4.600
    7       -7.61       0.2649      4.703
    8       -6.93       0.2635      4.422
    9       -7.02       0.2598      4.320
