              _             
             (_)            
   __ _ _ __  _ _ __   __ _ 
  / _` | '_ \| | '_ \ / _` |
 | (_| | | | | | | | | (_| |
  \__, |_| |_|_|_| |_|\__,_|
   __/ |                    
  |___/                     

gnina  master:40faed4   Built Jul  5 2022.
gnina is based on smina and AutoDock Vina.
Please cite appropriately.

Commandline: /usr/local/bin/gnina -r /home/louis/Téléchargements/PROJETISDD/receptors/7djr.pdbqt -l /home/louis/Téléchargements/PROJETISDD/ligands/Hesperidin_minimized.pdbqt -o /home/louis/Téléchargements/PROJETISDD/results_GNINA/DOCKED/Hesperidin_minimized/7djr_Hesperidin_minimized_2023-3-23-22:52/out.pdbqt --center_x 11.356 --center_y 0 --center_z 8.729 --size_x 50 --size_y 76 --size_z 74 --log /home/louis/Téléchargements/PROJETISDD/results_GNINA/DOCKED/Hesperidin_minimized/7djr_Hesperidin_minimized_2023-3-23-22:52/out.log
Using random seed: -359613824

mode |  affinity  |    CNN     |   CNN
     | (kcal/mol) | pose score | affinity
-----+------------+------------+----------
    1       -9.08       0.4337      4.872
    2       -8.75       0.3358      4.968
    3       -8.57       0.2686      4.991
    4       -9.23       0.2672      4.742
    5       -7.80       0.2475      4.595
    6       -7.32       0.2407      4.759
    7       -6.98       0.2250      4.526
    8       -8.53       0.2196      4.515
    9       -8.09       0.2190      4.447
