              _             
             (_)            
   __ _ _ __  _ _ __   __ _ 
  / _` | '_ \| | '_ \ / _` |
 | (_| | | | | | | | | (_| |
  \__, |_| |_|_|_| |_|\__,_|
   __/ |                    
  |___/                     

gnina  master:40faed4   Built Jul  5 2022.
gnina is based on smina and AutoDock Vina.
Please cite appropriately.

Commandline: /usr/local/bin/gnina -r /home/louis/Téléchargements/PROJETISDD/receptors/7k3t.pdbqt -l /home/louis/Téléchargements/PROJETISDD/ligands/Dabigatran_minimized.pdbqt -o /home/louis/Téléchargements/PROJETISDD/results_GNINA/DOCKED/Dabigatran_minimized/7k3t_Dabigatran_minimized_2023-3-23-22:52/out.pdbqt --center_x 11.356 --center_y 0 --center_z 8.729 --size_x 50 --size_y 76 --size_z 74 --log /home/louis/Téléchargements/PROJETISDD/results_GNINA/DOCKED/Dabigatran_minimized/7k3t_Dabigatran_minimized_2023-3-23-22:52/out.log
Using random seed: -233984787

mode |  affinity  |    CNN     |   CNN
     | (kcal/mol) | pose score | affinity
-----+------------+------------+----------
    1       -8.21       0.5693      6.184
    2       -7.72       0.4307      5.664
    3       -5.16       0.3602      4.895
    4       -6.17       0.3169      5.016
    5       -6.40       0.3101      5.012
    6       -7.03       0.3096      5.909
    7       -5.88       0.2934      5.152
    8       -5.52       0.2712      4.875
    9       -6.93       0.2663      5.661
