              _             
             (_)            
   __ _ _ __  _ _ __   __ _ 
  / _` | '_ \| | '_ \ / _` |
 | (_| | | | | | | | | (_| |
  \__, |_| |_|_|_| |_|\__,_|
   __/ |                    
  |___/                     

gnina  master:40faed4   Built Jul  5 2022.
gnina is based on smina and AutoDock Vina.
Please cite appropriately.

Commandline: /usr/local/bin/gnina -r /home/louis/Téléchargements/PROJETISDD/receptors/7p51.pdbqt -l /home/louis/Téléchargements/PROJETISDD/ligands/Nicardipine_minimized.pdbqt -o /home/louis/Téléchargements/PROJETISDD/results_GNINA/DOCKED/Nicardipine_minimized/7p51_Nicardipine_minimized_2023-3-23-22:52/out.pdbqt --center_x 11.356 --center_y 0 --center_z 8.729 --size_x 50 --size_y 76 --size_z 74 --log /home/louis/Téléchargements/PROJETISDD/results_GNINA/DOCKED/Nicardipine_minimized/7p51_Nicardipine_minimized_2023-3-23-22:52/out.log
Using random seed: -2002627452

mode |  affinity  |    CNN     |   CNN
     | (kcal/mol) | pose score | affinity
-----+------------+------------+----------
    1       -5.49       0.5074      4.624
    2       -4.51       0.4198      4.764
    3       -5.49       0.3936      5.449
    4       -4.00       0.3443      5.263
    5       -5.14       0.3190      4.643
    6       -5.25       0.3078      4.914
    7       -4.00       0.2719      4.281
    8       -5.37       0.2515      4.562
    9       -6.01       0.2453      5.323
