              _             
             (_)            
   __ _ _ __  _ _ __   __ _ 
  / _` | '_ \| | '_ \ / _` |
 | (_| | | | | | | | | (_| |
  \__, |_| |_|_|_| |_|\__,_|
   __/ |                    
  |___/                     

gnina  master:40faed4   Built Jul  5 2022.
gnina is based on smina and AutoDock Vina.
Please cite appropriately.

Commandline: /usr/local/bin/gnina -r /home/louis/Téléchargements/PROJETISDD/receptors/7k3t.pdbqt -l /home/louis/Téléchargements/PROJETISDD/ligands/Paracetamol_minimized.pdbqt -o /home/louis/Téléchargements/PROJETISDD/results_GNINA/DOCKED/Paracetamol_minimized/7k3t_Paracetamol_minimized_2023-3-23-22:52/out.pdbqt --center_x 11.356 --center_y 0 --center_z 8.729 --size_x 50 --size_y 76 --size_z 74 --log /home/louis/Téléchargements/PROJETISDD/results_GNINA/DOCKED/Paracetamol_minimized/7k3t_Paracetamol_minimized_2023-3-23-22:52/out.log
Using random seed: 1157249509

mode |  affinity  |    CNN     |   CNN
     | (kcal/mol) | pose score | affinity
-----+------------+------------+----------
    1       -6.45       0.9303      3.943
    2       -5.13       0.8809      3.710
    3       -4.86       0.7823      3.108
    4       -4.19       0.7402      3.309
    5       -2.96       0.7266      2.898
    6       -3.94       0.7207      2.995
    7       -5.06       0.7128      3.415
    8       -4.92       0.7102      3.593
    9       -4.54       0.6778      3.204
