              _             
             (_)            
   __ _ _ __  _ _ __   __ _ 
  / _` | '_ \| | '_ \ / _` |
 | (_| | | | | | | | | (_| |
  \__, |_| |_|_|_| |_|\__,_|
   __/ |                    
  |___/                     

gnina  master:40faed4   Built Jul  5 2022.
gnina is based on smina and AutoDock Vina.
Please cite appropriately.

Commandline: /usr/local/bin/gnina -r /home/louis/Téléchargements/PROJETISDD/receptors/7k3t.pdbqt -l /home/louis/Téléchargements/PROJETISDD/ligands/Hesperidin_minimized.pdbqt -o /home/louis/Téléchargements/PROJETISDD/results_GNINA/DOCKED/Hesperidin_minimized/7k3t_Hesperidin_minimized_2023-3-23-22:52/out.pdbqt --center_x 11.356 --center_y 0 --center_z 8.729 --size_x 50 --size_y 76 --size_z 74 --log /home/louis/Téléchargements/PROJETISDD/results_GNINA/DOCKED/Hesperidin_minimized/7k3t_Hesperidin_minimized_2023-3-23-22:52/out.log
Using random seed: -2010074552

mode |  affinity  |    CNN     |   CNN
     | (kcal/mol) | pose score | affinity
-----+------------+------------+----------
    1       -8.45       0.4508      5.084
    2       -8.10       0.4314      4.659
    3       -7.85       0.4229      4.775
    4       -7.41       0.4152      4.960
    5       -7.47       0.3556      4.508
    6       -9.55       0.2422      4.826
    7       -7.59       0.2239      4.649
    8       -7.93       0.2214      4.549
    9       -7.76       0.2176      4.189
