              _             
             (_)            
   __ _ _ __  _ _ __   __ _ 
  / _` | '_ \| | '_ \ / _` |
 | (_| | | | | | | | | (_| |
  \__, |_| |_|_|_| |_|\__,_|
   __/ |                    
  |___/                     

gnina  master:40faed4   Built Jul  5 2022.
gnina is based on smina and AutoDock Vina.
Please cite appropriately.

Commandline: /usr/local/bin/gnina -r /home/louis/Téléchargements/PROJETISDD/receptors/7p51.pdbqt -l /home/louis/Téléchargements/PROJETISDD/ligands/Chlorhexidine_minimized.pdbqt -o /home/louis/Téléchargements/PROJETISDD/results_GNINA/DOCKED/Chlorhexidine_minimized/7p51_Chlorhexidine_minimized_2023-3-23-22:52/out.pdbqt --center_x 11.356 --center_y 0 --center_z 8.729 --size_x 50 --size_y 76 --size_z 74 --log /home/louis/Téléchargements/PROJETISDD/results_GNINA/DOCKED/Chlorhexidine_minimized/7p51_Chlorhexidine_minimized_2023-3-23-22:52/out.log
Using random seed: -1299655071

mode |  affinity  |    CNN     |   CNN
     | (kcal/mol) | pose score | affinity
-----+------------+------------+----------
    1       -6.10       0.5051      5.485
    2       -5.45       0.4116      5.588
    3       -5.77       0.4111      5.501
    4       -5.87       0.3637      5.428
    5       -5.44       0.3218      4.978
    6       -4.41       0.3044      5.672
    7       -5.85       0.2967      5.152
    8       -8.16       0.2894      5.377
    9       -7.39       0.2743      5.498
