              _             
             (_)            
   __ _ _ __  _ _ __   __ _ 
  / _` | '_ \| | '_ \ / _` |
 | (_| | | | | | | | | (_| |
  \__, |_| |_|_|_| |_|\__,_|
   __/ |                    
  |___/                     

gnina  master:40faed4   Built Jul  5 2022.
gnina is based on smina and AutoDock Vina.
Please cite appropriately.

Commandline: /usr/local/bin/gnina -r /home/louis/Téléchargements/PROJETISDD/receptors/7p51.pdbqt -l /home/louis/Téléchargements/PROJETISDD/ligands/Dabigatran_minimized.pdbqt -o /home/louis/Téléchargements/PROJETISDD/results_GNINA/DOCKED/Dabigatran_minimized/7p51_Dabigatran_minimized_2023-3-23-22:52/out.pdbqt --center_x 11.356 --center_y 0 --center_z 8.729 --size_x 50 --size_y 76 --size_z 74 --log /home/louis/Téléchargements/PROJETISDD/results_GNINA/DOCKED/Dabigatran_minimized/7p51_Dabigatran_minimized_2023-3-23-22:52/out.log
Using random seed: 1118354210

mode |  affinity  |    CNN     |   CNN
     | (kcal/mol) | pose score | affinity
-----+------------+------------+----------
    1       -5.65       0.4796      5.623
    2       -5.97       0.4245      5.359
    3       -6.71       0.3311      5.666
    4       -6.91       0.3215      5.386
    5       -6.43       0.3094      5.730
    6       -7.19       0.2994      5.406
    7       -5.90       0.2535      4.828
    8       -5.23       0.2490      5.620
    9       -7.01       0.2460      5.736
