              _             
             (_)            
   __ _ _ __  _ _ __   __ _ 
  / _` | '_ \| | '_ \ / _` |
 | (_| | | | | | | | | (_| |
  \__, |_| |_|_|_| |_|\__,_|
   __/ |                    
  |___/                     

gnina  master:40faed4   Built Jul  5 2022.
gnina is based on smina and AutoDock Vina.
Please cite appropriately.

Commandline: /usr/local/bin/gnina -r /home/louis/Téléchargements/PROJETISDD/receptors/7p51.pdbqt -l /home/louis/Téléchargements/PROJETISDD/ligands/Montelukast_minimized.pdbqt -o /home/louis/Téléchargements/PROJETISDD/results_GNINA/DOCKED/Montelukast_minimized/7p51_Montelukast_minimized_2023-3-23-22:52/out.pdbqt --center_x 11.356 --center_y 0 --center_z 8.729 --size_x 50 --size_y 76 --size_z 74 --log /home/louis/Téléchargements/PROJETISDD/results_GNINA/DOCKED/Montelukast_minimized/7p51_Montelukast_minimized_2023-3-23-22:52/out.log
Using random seed: 1538442275

mode |  affinity  |    CNN     |   CNN
     | (kcal/mol) | pose score | affinity
-----+------------+------------+----------
    1       -7.16       0.5482      6.173
    2       -8.50       0.3600      6.945
    3       -6.50       0.2935      6.075
    4       -6.87       0.2588      6.388
    5       -6.69       0.2544      6.157
    6       -7.35       0.2461      6.398
    7       -8.53       0.1935      6.085
    8       -8.95       0.1854      6.002
    9       -6.76       0.1847      5.585
