              _             
             (_)            
   __ _ _ __  _ _ __   __ _ 
  / _` | '_ \| | '_ \ / _` |
 | (_| | | | | | | | | (_| |
  \__, |_| |_|_|_| |_|\__,_|
   __/ |                    
  |___/                     

gnina  master:40faed4   Built Jul  5 2022.
gnina is based on smina and AutoDock Vina.
Please cite appropriately.

Commandline: /usr/local/bin/gnina -r /home/louis/Téléchargements/PROJETISDD/receptors/7k3t.pdbqt -l /home/louis/Téléchargements/PROJETISDD/ligands/Sulfasalazine_minimized.pdbqt -o /home/louis/Téléchargements/PROJETISDD/results_GNINA/DOCKED/Sulfasalazine_minimized/7k3t_Sulfasalazine_minimized_2023-3-23-22:52/out.pdbqt --center_x 11.356 --center_y 0 --center_z 8.729 --size_x 50 --size_y 76 --size_z 74 --log /home/louis/Téléchargements/PROJETISDD/results_GNINA/DOCKED/Sulfasalazine_minimized/7k3t_Sulfasalazine_minimized_2023-3-23-22:52/out.log
Using random seed: 1762706540

mode |  affinity  |    CNN     |   CNN
     | (kcal/mol) | pose score | affinity
-----+------------+------------+----------
    1       -5.89       0.5390      5.079
    2       -6.27       0.5195      4.833
    3       -5.83       0.4268      5.041
    4       -6.24       0.4228      5.025
    5       -6.37       0.4086      4.943
    6       -6.44       0.3786      4.565
    7       -7.73       0.3400      5.175
    8       -6.11       0.3259      4.811
    9       -6.49       0.3259      4.743
