              _             
             (_)            
   __ _ _ __  _ _ __   __ _ 
  / _` | '_ \| | '_ \ / _` |
 | (_| | | | | | | | | (_| |
  \__, |_| |_|_|_| |_|\__,_|
   __/ |                    
  |___/                     

gnina  master:40faed4   Built Jul  5 2022.
gnina is based on smina and AutoDock Vina.
Please cite appropriately.

Commandline: /usr/local/bin/gnina -r /home/louis/Téléchargements/PROJETISDD/receptors/7djr.pdbqt -l /home/louis/Téléchargements/PROJETISDD/ligands/Montelukast_minimized.pdbqt -o /home/louis/Téléchargements/PROJETISDD/results_GNINA/DOCKED/Montelukast_minimized/7djr_Montelukast_minimized_2023-3-23-22:52/out.pdbqt --center_x 11.356 --center_y 0 --center_z 8.729 --size_x 50 --size_y 76 --size_z 74 --log /home/louis/Téléchargements/PROJETISDD/results_GNINA/DOCKED/Montelukast_minimized/7djr_Montelukast_minimized_2023-3-23-22:52/out.log
Using random seed: -18965506

mode |  affinity  |    CNN     |   CNN
     | (kcal/mol) | pose score | affinity
-----+------------+------------+----------
    1       -7.67       0.3694      6.633
    2       -6.03       0.2867      5.878
    3       -6.69       0.2782      5.559
    4       -6.25       0.2692      5.481
    5       -5.65       0.2286      5.805
    6       -7.37       0.2075      6.484
    7       -7.84       0.2046      6.388
    8       -6.94       0.1747      5.805
    9       -6.49       0.1710      5.719
