              _             
             (_)            
   __ _ _ __  _ _ __   __ _ 
  / _` | '_ \| | '_ \ / _` |
 | (_| | | | | | | | | (_| |
  \__, |_| |_|_|_| |_|\__,_|
   __/ |                    
  |___/                     

gnina  master:40faed4   Built Jul  5 2022.
gnina is based on smina and AutoDock Vina.
Please cite appropriately.

Commandline: /usr/local/bin/gnina -r /home/louis/Téléchargements/PROJETISDD/receptors/7p51.pdbqt -l /home/louis/Téléchargements/PROJETISDD/ligands/Paracetamol_minimized.pdbqt -o /home/louis/Téléchargements/PROJETISDD/results_GNINA/DOCKED/Paracetamol_minimized/7p51_Paracetamol_minimized_2023-3-23-22:52/out.pdbqt --center_x 11.356 --center_y 0 --center_z 8.729 --size_x 50 --size_y 76 --size_z 74 --log /home/louis/Téléchargements/PROJETISDD/results_GNINA/DOCKED/Paracetamol_minimized/7p51_Paracetamol_minimized_2023-3-23-22:52/out.log
Using random seed: 1795959512

mode |  affinity  |    CNN     |   CNN
     | (kcal/mol) | pose score | affinity
-----+------------+------------+----------
    1       -5.29       0.8779      3.715
    2       -5.62       0.8146      4.088
    3       -3.98       0.7973      3.010
    4       -4.83       0.7850      3.041
    5       -4.56       0.7541      3.011
    6       -3.70       0.7397      3.287
    7       -4.52       0.7205      3.344
    8       -3.93       0.6438      3.316
    9       -4.20       0.6423      3.099
