              _             
             (_)            
   __ _ _ __  _ _ __   __ _ 
  / _` | '_ \| | '_ \ / _` |
 | (_| | | | | | | | | (_| |
  \__, |_| |_|_|_| |_|\__,_|
   __/ |                    
  |___/                     

gnina  master:40faed4   Built Jul  5 2022.
gnina is based on smina and AutoDock Vina.
Please cite appropriately.

Commandline: /usr/local/bin/gnina -r /home/louis/Téléchargements/PROJETISDD/receptors/7djr.pdbqt -l /home/louis/Téléchargements/PROJETISDD/ligands/Carbocysteine_minimized.pdbqt -o /home/louis/Téléchargements/PROJETISDD/results_GNINA/DOCKED/Carbocysteine_minimized/7djr_Carbocysteine_minimized_2023-3-23-22:52/out.pdbqt --center_x 11.356 --center_y 0 --center_z 8.729 --size_x 50 --size_y 76 --size_z 74 --log /home/louis/Téléchargements/PROJETISDD/results_GNINA/DOCKED/Carbocysteine_minimized/7djr_Carbocysteine_minimized_2023-3-23-22:52/out.log
Using random seed: 1386611364

mode |  affinity  |    CNN     |   CNN
     | (kcal/mol) | pose score | affinity
-----+------------+------------+----------
    1       -4.34       0.7645      3.722
    2       -2.70       0.6101      2.818
    3       -3.34       0.5979      3.182
    4       -3.01       0.5882      3.037
    5       -3.83       0.5866      3.650
    6       -2.78       0.5825      2.733
    7       -3.54       0.5724      2.848
    8       -3.44       0.5624      3.013
    9       -3.14       0.5557      2.803
