              _             
             (_)            
   __ _ _ __  _ _ __   __ _ 
  / _` | '_ \| | '_ \ / _` |
 | (_| | | | | | | | | (_| |
  \__, |_| |_|_|_| |_|\__,_|
   __/ |                    
  |___/                     

gnina  master:40faed4   Built Jul  5 2022.
gnina is based on smina and AutoDock Vina.
Please cite appropriately.

Commandline: /usr/local/bin/gnina -r /home/louis/Téléchargements/PROJETISDD/receptors/7p51.pdbqt -l /home/louis/Téléchargements/PROJETISDD/ligands/Nicotine_minimized.pdbqt -o /home/louis/Téléchargements/PROJETISDD/results_GNINA/DOCKED/Nicotine_minimized/7p51_Nicotine_minimized_2023-3-23-22:52/out.pdbqt --center_x 11.356 --center_y 0 --center_z 8.729 --size_x 50 --size_y 76 --size_z 74 --log /home/louis/Téléchargements/PROJETISDD/results_GNINA/DOCKED/Nicotine_minimized/7p51_Nicotine_minimized_2023-3-23-22:52/out.log
Using random seed: -413141276

mode |  affinity  |    CNN     |   CNN
     | (kcal/mol) | pose score | affinity
-----+------------+------------+----------
    1       -3.75       0.7815      3.201
    2       -3.38       0.7151      2.971
    3       -4.17       0.6848      3.206
    4       -4.95       0.6811      3.657
    5       -3.23       0.5885      2.898
    6       -3.23       0.5770      2.791
    7       -3.27       0.5449      2.954
    8       -3.50       0.5422      2.877
    9       -3.29       0.5374      2.917
