              _             
             (_)            
   __ _ _ __  _ _ __   __ _ 
  / _` | '_ \| | '_ \ / _` |
 | (_| | | | | | | | | (_| |
  \__, |_| |_|_|_| |_|\__,_|
   __/ |                    
  |___/                     

gnina  master:40faed4   Built Jul  5 2022.
gnina is based on smina and AutoDock Vina.
Please cite appropriately.

Commandline: /usr/local/bin/gnina -r /home/louis/Téléchargements/PROJETISDD/receptors/7k3t.pdbqt -l /home/louis/Téléchargements/PROJETISDD/ligands/Posaconazole.pdbqt -o /home/louis/Téléchargements/PROJETISDD/results_GNINA/DOCKED/Posaconazole/7k3t_Posaconazole_2023-3-23-22:52/out.pdbqt --center_x 11.356 --center_y 0 --center_z 8.729 --size_x 50 --size_y 76 --size_z 74 --log /home/louis/Téléchargements/PROJETISDD/results_GNINA/DOCKED/Posaconazole/7k3t_Posaconazole_2023-3-23-22:52/out.log
Using random seed: 413391668

mode |  affinity  |    CNN     |   CNN
     | (kcal/mol) | pose score | affinity
-----+------------+------------+----------
    1       -5.72       0.4344      5.943
    2       -7.80       0.3921      6.268
    3       -6.98       0.3676      6.109
    4       -6.83       0.3435      5.586
    5       -8.40       0.3271      6.206
    6       -6.88       0.3260      5.401
    7       -6.12       0.3233      5.450
    8       -5.68       0.3177      6.267
    9       -6.48       0.3052      5.500
