              _             
             (_)            
   __ _ _ __  _ _ __   __ _ 
  / _` | '_ \| | '_ \ / _` |
 | (_| | | | | | | | | (_| |
  \__, |_| |_|_|_| |_|\__,_|
   __/ |                    
  |___/                     

gnina  master:40faed4   Built Jul  5 2022.
gnina is based on smina and AutoDock Vina.
Please cite appropriately.

Commandline: /usr/local/bin/gnina -r /home/louis/Téléchargements/PROJETISDD/receptors/7k3t.pdbqt -l /home/louis/Téléchargements/PROJETISDD/ligands/Carbocysteine_minimized.pdbqt -o /home/louis/Téléchargements/PROJETISDD/results_GNINA/DOCKED/Carbocysteine_minimized/7k3t_Carbocysteine_minimized_2023-3-23-22:52/out.pdbqt --center_x 11.356 --center_y 0 --center_z 8.729 --size_x 50 --size_y 76 --size_z 74 --log /home/louis/Téléchargements/PROJETISDD/results_GNINA/DOCKED/Carbocysteine_minimized/7k3t_Carbocysteine_minimized_2023-3-23-22:52/out.log
Using random seed: 926465513

mode |  affinity  |    CNN     |   CNN
     | (kcal/mol) | pose score | affinity
-----+------------+------------+----------
    1       -3.60       0.7308      3.269
    2       -2.82       0.6391      3.070
    3       -2.89       0.6177      2.892
    4       -2.88       0.5771      2.746
    5       -3.83       0.5749      3.394
    6       -2.89       0.5721      2.811
    7       -3.12       0.5631      3.121
    8       -2.95       0.5623      2.840
    9       -2.95       0.5450      2.784
