              _             
             (_)            
   __ _ _ __  _ _ __   __ _ 
  / _` | '_ \| | '_ \ / _` |
 | (_| | | | | | | | | (_| |
  \__, |_| |_|_|_| |_|\__,_|
   __/ |                    
  |___/                     

gnina  master:40faed4   Built Jul  5 2022.
gnina is based on smina and AutoDock Vina.
Please cite appropriately.

Commandline: /usr/local/bin/gnina -r /home/louis/Téléchargements/PROJETISDD/receptors/7djr.pdbqt -l /home/louis/Téléchargements/PROJETISDD/ligands/Sulfasalazine_minimized.pdbqt -o /home/louis/Téléchargements/PROJETISDD/results_GNINA/DOCKED/Sulfasalazine_minimized/7djr_Sulfasalazine_minimized_2023-3-23-22:52/out.pdbqt --center_x 11.356 --center_y 0 --center_z 8.729 --size_x 50 --size_y 76 --size_z 74 --log /home/louis/Téléchargements/PROJETISDD/results_GNINA/DOCKED/Sulfasalazine_minimized/7djr_Sulfasalazine_minimized_2023-3-23-22:52/out.log
Using random seed: -1809152

mode |  affinity  |    CNN     |   CNN
     | (kcal/mol) | pose score | affinity
-----+------------+------------+----------
    1       -6.46       0.7364      5.217
    2       -6.63       0.6860      5.231
    3       -7.14       0.5780      4.950
    4       -6.16       0.4477      4.691
    5       -6.19       0.4026      5.062
    6       -5.35       0.3781      4.905
    7       -5.92       0.3509      4.574
    8       -7.09       0.3157      4.994
    9       -6.87       0.3056      4.752
