              _             
             (_)            
   __ _ _ __  _ _ __   __ _ 
  / _` | '_ \| | '_ \ / _` |
 | (_| | | | | | | | | (_| |
  \__, |_| |_|_|_| |_|\__,_|
   __/ |                    
  |___/                     

gnina  master:40faed4   Built Jul  5 2022.
gnina is based on smina and AutoDock Vina.
Please cite appropriately.

Commandline: /usr/local/bin/gnina -r /home/louis/Téléchargements/PROJETISDD/receptors/7p51.pdbqt -l /home/louis/Téléchargements/PROJETISDD/ligands/Carbocysteine_minimized.pdbqt -o /home/louis/Téléchargements/PROJETISDD/results_GNINA/DOCKED/Carbocysteine_minimized/7p51_Carbocysteine_minimized_2023-3-23-22:52/out.pdbqt --center_x 11.356 --center_y 0 --center_z 8.729 --size_x 50 --size_y 76 --size_z 74 --log /home/louis/Téléchargements/PROJETISDD/results_GNINA/DOCKED/Carbocysteine_minimized/7p51_Carbocysteine_minimized_2023-3-23-22:52/out.log
Using random seed: -47143298

mode |  affinity  |    CNN     |   CNN
     | (kcal/mol) | pose score | affinity
-----+------------+------------+----------
    1       -4.52       0.7882      3.895
    2       -4.66       0.7840      3.692
    3       -4.60       0.7656      3.637
    4       -2.92       0.6569      2.805
    5       -2.87       0.6122      3.002
    6       -3.02       0.5721      2.707
    7       -4.34       0.5437      3.533
    8       -2.70       0.5098      2.703
    9       -3.14       0.5016      2.605
