              _             
             (_)            
   __ _ _ __  _ _ __   __ _ 
  / _` | '_ \| | '_ \ / _` |
 | (_| | | | | | | | | (_| |
  \__, |_| |_|_|_| |_|\__,_|
   __/ |                    
  |___/                     

gnina  master:40faed4   Built Jul  5 2022.
gnina is based on smina and AutoDock Vina.
Please cite appropriately.

Commandline: /usr/local/bin/gnina -r /home/louis/Téléchargements/PROJETISDD/receptors/7k3t.pdbqt -l /home/louis/Téléchargements/PROJETISDD/ligands/Chlorhexidine_minimized.pdbqt -o /home/louis/Téléchargements/PROJETISDD/results_GNINA/DOCKED/Chlorhexidine_minimized/7k3t_Chlorhexidine_minimized_2023-3-23-22:52/out.pdbqt --center_x 11.356 --center_y 0 --center_z 8.729 --size_x 50 --size_y 76 --size_z 74 --log /home/louis/Téléchargements/PROJETISDD/results_GNINA/DOCKED/Chlorhexidine_minimized/7k3t_Chlorhexidine_minimized_2023-3-23-22:52/out.log
Using random seed: -1074324014

mode |  affinity  |    CNN     |   CNN
     | (kcal/mol) | pose score | affinity
-----+------------+------------+----------
    1       -5.67       0.5508      5.046
    2       -6.26       0.4385      4.868
    3       -4.87       0.4194      5.488
    4       -6.04       0.4081      5.839
    5       -6.15       0.3895      6.044
    6       -5.89       0.3770      5.542
    7       -4.14       0.3606      5.618
    8       -5.86       0.3469      5.059
    9       -5.72       0.3377      5.762
