              _             
             (_)            
   __ _ _ __  _ _ __   __ _ 
  / _` | '_ \| | '_ \ / _` |
 | (_| | | | | | | | | (_| |
  \__, |_| |_|_|_| |_|\__,_|
   __/ |                    
  |___/                     

gnina  master:40faed4   Built Jul  5 2022.
gnina is based on smina and AutoDock Vina.
Please cite appropriately.

Commandline: /usr/local/bin/gnina -r /home/louis/Téléchargements/PROJETISDD/receptors/7p51.pdbqt -l /home/louis/Téléchargements/PROJETISDD/ligands/Sulfasalazine_minimized.pdbqt -o /home/louis/Téléchargements/PROJETISDD/results_GNINA/DOCKED/Sulfasalazine_minimized/7p51_Sulfasalazine_minimized_2023-3-23-22:52/out.pdbqt --center_x 11.356 --center_y 0 --center_z 8.729 --size_x 50 --size_y 76 --size_z 74 --log /home/louis/Téléchargements/PROJETISDD/results_GNINA/DOCKED/Sulfasalazine_minimized/7p51_Sulfasalazine_minimized_2023-3-23-22:52/out.log
Using random seed: -951081196

mode |  affinity  |    CNN     |   CNN
     | (kcal/mol) | pose score | affinity
-----+------------+------------+----------
    1       -7.62       0.8276      5.522
    2       -6.78       0.4471      4.842
    3       -6.75       0.4435      4.891
    4       -7.39       0.4385      5.289
    5       -7.60       0.4186      5.139
    6       -7.04       0.3979      5.361
    7       -8.57       0.3205      5.295
    8       -6.99       0.3046      4.783
    9       -7.21       0.2781      5.183
