              _             
             (_)            
   __ _ _ __  _ _ __   __ _ 
  / _` | '_ \| | '_ \ / _` |
 | (_| | | | | | | | | (_| |
  \__, |_| |_|_|_| |_|\__,_|
   __/ |                    
  |___/                     

gnina  master:40faed4   Built Jul  5 2022.
gnina is based on smina and AutoDock Vina.
Please cite appropriately.

Commandline: /usr/local/bin/gnina -r /home/louis/Téléchargements/PROJETISDD/receptors/7k3t.pdbqt -l /home/louis/Téléchargements/PROJETISDD/ligands/Nicardipine_minimized.pdbqt -o /home/louis/Téléchargements/PROJETISDD/results_GNINA/DOCKED/Nicardipine_minimized/7k3t_Nicardipine_minimized_2023-3-23-22:52/out.pdbqt --center_x 11.356 --center_y 0 --center_z 8.729 --size_x 50 --size_y 76 --size_z 74 --log /home/louis/Téléchargements/PROJETISDD/results_GNINA/DOCKED/Nicardipine_minimized/7k3t_Nicardipine_minimized_2023-3-23-22:52/out.log
Using random seed: -1005567252

mode |  affinity  |    CNN     |   CNN
     | (kcal/mol) | pose score | affinity
-----+------------+------------+----------
    1       -3.83       0.5957      4.539
    2       -4.18       0.4124      4.758
    3       -5.50       0.3517      4.576
    4       -5.48       0.3382      4.610
    5       -4.94       0.3279      4.533
    6       -5.01       0.3123      4.974
    7       -7.08       0.3122      5.442
    8       -5.62       0.2704      4.649
    9       -6.24       0.2570      5.355
