              _             
             (_)            
   __ _ _ __  _ _ __   __ _ 
  / _` | '_ \| | '_ \ / _` |
 | (_| | | | | | | | | (_| |
  \__, |_| |_|_|_| |_|\__,_|
   __/ |                    
  |___/                     

gnina  master:40faed4   Built Jul  5 2022.
gnina is based on smina and AutoDock Vina.
Please cite appropriately.

Commandline: /usr/local/bin/gnina -r /home/louis/Téléchargements/PROJETISDD/receptors/7k3t.pdbqt -l /home/louis/Téléchargements/PROJETISDD/ligands/Nicotine_minimized.pdbqt -o /home/louis/Téléchargements/PROJETISDD/results_GNINA/DOCKED/Nicotine_minimized/7k3t_Nicotine_minimized_2023-3-23-22:52/out.pdbqt --center_x 11.356 --center_y 0 --center_z 8.729 --size_x 50 --size_y 76 --size_z 74 --log /home/louis/Téléchargements/PROJETISDD/results_GNINA/DOCKED/Nicotine_minimized/7k3t_Nicotine_minimized_2023-3-23-22:52/out.log
Using random seed: -1266216711

mode |  affinity  |    CNN     |   CNN
     | (kcal/mol) | pose score | affinity
-----+------------+------------+----------
    1       -3.85       0.7459      3.329
    2       -4.58       0.7108      3.355
    3       -4.83       0.6489      3.609
    4       -3.25       0.6466      3.054
    5       -4.56       0.6403      3.740
    6       -3.27       0.6267      3.020
    7       -3.69       0.6039      2.914
    8       -3.36       0.5814      3.166
    9       -4.02       0.5803      3.304
