              _             
             (_)            
   __ _ _ __  _ _ __   __ _ 
  / _` | '_ \| | '_ \ / _` |
 | (_| | | | | | | | | (_| |
  \__, |_| |_|_|_| |_|\__,_|
   __/ |                    
  |___/                     

gnina  master:40faed4   Built Jul  5 2022.
gnina is based on smina and AutoDock Vina.
Please cite appropriately.

Commandline: /usr/local/bin/gnina -r /home/louis/Téléchargements/PROJETISDD/receptors/7djr.pdbqt -l /home/louis/Téléchargements/PROJETISDD/ligands/Nicotine_minimized.pdbqt -o /home/louis/Téléchargements/PROJETISDD/results_GNINA/DOCKED/Nicotine_minimized/7djr_Nicotine_minimized_2023-3-23-22:52/out.pdbqt --center_x 11.356 --center_y 0 --center_z 8.729 --size_x 50 --size_y 76 --size_z 74 --log /home/louis/Téléchargements/PROJETISDD/results_GNINA/DOCKED/Nicotine_minimized/7djr_Nicotine_minimized_2023-3-23-22:52/out.log
Using random seed: 730288292

mode |  affinity  |    CNN     |   CNN
     | (kcal/mol) | pose score | affinity
-----+------------+------------+----------
    1       -3.68       0.7846      3.119
    2       -3.34       0.7654      2.891
    3       -4.86       0.7012      3.908
    4       -4.12       0.6896      3.315
    5       -3.18       0.6795      3.205
    6       -4.19       0.6576      3.227
    7       -3.22       0.6441      3.000
    8       -3.10       0.6229      2.810
    9       -4.43       0.6224      3.295
