              _             
             (_)            
   __ _ _ __  _ _ __   __ _ 
  / _` | '_ \| | '_ \ / _` |
 | (_| | | | | | | | | (_| |
  \__, |_| |_|_|_| |_|\__,_|
   __/ |                    
  |___/                     

gnina  master:40faed4   Built Jul  5 2022.
gnina is based on smina and AutoDock Vina.
Please cite appropriately.

Commandline: /usr/local/bin/gnina -r /home/louis/Téléchargements/PROJETISDD/receptors/7p51.pdbqt -l /home/louis/Téléchargements/PROJETISDD/ligands/Posaconazole.pdbqt -o /home/louis/Téléchargements/PROJETISDD/results_GNINA/DOCKED/Posaconazole/7p51_Posaconazole_2023-3-23-22:52/out.pdbqt --center_x 11.356 --center_y 0 --center_z 8.729 --size_x 50 --size_y 76 --size_z 74 --log /home/louis/Téléchargements/PROJETISDD/results_GNINA/DOCKED/Posaconazole/7p51_Posaconazole_2023-3-23-22:52/out.log
Using random seed: -1904158384

mode |  affinity  |    CNN     |   CNN
     | (kcal/mol) | pose score | affinity
-----+------------+------------+----------
    1       -6.11       0.3793      5.444
    2       -5.90       0.3646      5.462
    3       -5.67       0.3431      6.090
    4       -5.44       0.3274      5.795
    5       -5.86       0.3249      5.768
    6       -6.94       0.3045      5.794
    7       -6.70       0.2579      5.519
    8       -7.52       0.2498      5.390
    9       -5.88       0.2483      6.124
